2025-08-09 00:44:38,012 - INFO - MAking the vectorstore....
2025-08-09 00:44:38,013 - INFO - loading files from data/
2025-08-09 00:44:45,902 - INFO - Succesfully fetched 759 documents
2025-08-09 00:44:45,902 - INFO - Splitting 759 documents into chunks
2025-08-09 00:44:46,004 - INFO - Generated 7080 text chunks
2025-08-09 00:44:46,004 - INFO - Generating your new vectorstore
2025-08-09 00:44:46,004 - INFO - Intializing our Huggingface embedding model
2025-08-09 00:44:46,004 - ERROR - Error occured while loading embedding model | Error: Could not import sentence_transformers python package. Please install it with `pip install sentence-transformers`. | File: /Users/ridhampuri/Desktop/projectsmlpipelines/llmops_aiops/section9/medicalchatbot/RAG MEDICAL CHATBOT/app/components/embeddings.py | Line: 12
2025-08-09 00:44:46,004 - ERROR - Failed to craete new vectorstore  | Error: Error occured while loading embedding model | Error: Could not import sentence_transformers python package. Please install it with `pip install sentence-transformers`. | File: /Users/ridhampuri/Desktop/projectsmlpipelines/llmops_aiops/section9/medicalchatbot/RAG MEDICAL CHATBOT/app/components/embeddings.py | Line: 12 | File: /Users/ridhampuri/Desktop/projectsmlpipelines/llmops_aiops/section9/medicalchatbot/RAG MEDICAL CHATBOT/app/components/vector_store.py | Line: 38
2025-08-09 00:44:46,004 - INFO - Vectorstore created sucesfully....
2025-08-09 00:47:10,675 - INFO - MAking the vectorstore....
2025-08-09 00:47:10,675 - INFO - loading files from data/
2025-08-09 00:47:19,890 - INFO - Succesfully fetched 759 documents
2025-08-09 00:47:19,890 - INFO - Splitting 759 documents into chunks
2025-08-09 00:47:19,991 - INFO - Generated 7080 text chunks
2025-08-09 00:47:19,992 - INFO - Generating your new vectorstore
2025-08-09 00:47:19,992 - INFO - Intializing our Huggingface embedding model
2025-08-09 00:47:50,436 - INFO - Use pytorch device_name: mps
2025-08-09 00:47:50,436 - INFO - Load pretrained SentenceTransformer: sentence-transformers/all-MiniLM-L6-v2
2025-08-09 00:47:56,805 - INFO - Huggingface embedding model loaded sucesfully....
2025-08-09 00:48:15,153 - INFO - Loading faiss.
2025-08-09 00:48:15,779 - INFO - Successfully loaded faiss.
2025-08-09 00:48:15,794 - INFO - Failed to load GPU Faiss: name 'GpuIndexIVFFlat' is not defined. Will not load constructor refs for GPU indexes. This is only an error if you're trying to use GPU Faiss.
2025-08-09 00:48:15,927 - INFO - Saving vectorstore
2025-08-09 00:48:15,955 - INFO - Vectostore saved sucesfulyy...
2025-08-09 00:48:15,957 - INFO - Vectorstore created sucesfully....
2025-08-09 01:39:48,843 - INFO - MAking the vectorstore....
2025-08-09 01:39:48,843 - INFO - loading files from data/
2025-08-09 01:39:56,490 - INFO - Succesfully fetched 759 documents
2025-08-09 01:39:56,490 - INFO - Splitting 759 documents into chunks
2025-08-09 01:39:56,593 - INFO - Generated 7080 text chunks
2025-08-09 01:39:56,593 - INFO - Generating your new vectorstore
2025-08-09 01:39:56,593 - INFO - Intializing our Huggingface embedding model
2025-08-09 01:40:01,480 - INFO - Use pytorch device_name: mps
2025-08-09 01:40:01,480 - INFO - Load pretrained SentenceTransformer: sentence-transformers/all-MiniLM-L6-v2
2025-08-09 01:40:03,744 - INFO - Huggingface embedding model loaded sucesfully....
2025-08-09 01:40:18,062 - INFO - Loading faiss.
2025-08-09 01:40:18,127 - INFO - Successfully loaded faiss.
2025-08-09 01:40:18,131 - INFO - Failed to load GPU Faiss: name 'GpuIndexIVFFlat' is not defined. Will not load constructor refs for GPU indexes. This is only an error if you're trying to use GPU Faiss.
2025-08-09 01:40:18,258 - INFO - Saving vectorstore
2025-08-09 01:40:18,290 - INFO - Vectostore saved sucesfulyy...
2025-08-09 01:40:18,292 - INFO - Vectorstore created sucesfully....
